This is pdfTeX, Version 3.14159265-2.6-1.40.21 (TeX Live 2020/W32TeX) (preloaded format=pdflatex 2021.1.16)  22 JAN 2021 18:52
entering extended mode
 restricted \write18 enabled.
 file:line:error style messages enabled.
 %&-line parsing enabled.
**c:/Users/GotovtsevAG/source/work/self/physical-basics-of-launch/EjectionLab/PhBL.EjectionLab.Tex/main.tex
(c:/Users/GotovtsevAG/source/work/self/physical-basics-of-launch/EjectionLab/PhBL.EjectionLab.Tex/main.tex
LaTeX2e <2020-10-01> patch level 4
L3 programming layer <2021-01-09> xparse <2020-03-03> (c:/Users/GotovtsevAG/source/work/self/physical-basics-of-launch/EjectionLab/PhBL.EjectionLab.Tex/LabWhitepaper.cls
Document Class: LabWhitepaper 2020/01/21 v1.0 agot11
(c:/texlive/2020/texmf-dist/tex/latex/etoolbox/etoolbox.sty
Package: etoolbox 2020/10/05 v2.5k e-TeX tools for LaTeX (JAW)
\etb@tempcnta=\count177
) (c:/texlive/2020/texmf-dist/tex/latex/l3packages/xparse/xparse.sty (c:/texlive/2020/texmf-dist/tex/latex/l3kernel/expl3.sty
Package: expl3 2021-01-09 L3 programming layer (loader) 
 (c:/texlive/2020/texmf-dist/tex/latex/l3backend/l3backend-pdftex.def
File: l3backend-pdftex.def 2021-01-09 L3 backend support: PDF output (pdfTeX)
\l__kernel_color_stack_int=\count178
\l__pdf_internal_box=\box47
))
Package: xparse 2020-10-27 L3 Experimental document command parser
 (c:/texlive/2020/texmf-dist/tex/latex/l3packages/xparse/xparse-generic.tex)) (c:/texlive/2020/texmf-dist/tex/latex/base/book.cls
Document Class: book 2020/04/10 v1.4m Standard LaTeX document class
(c:/texlive/2020/texmf-dist/tex/latex/base/bk12.clo
File: bk12.clo 2020/04/10 v1.4m Standard LaTeX file (size option)
)
\c@part=\count179
\c@chapter=\count180
\c@section=\count181
\c@subsection=\count182
\c@subsubsection=\count183
\c@paragraph=\count184
\c@subparagraph=\count185
\c@figure=\count186
\c@table=\count187
\abovecaptionskip=\skip47
\belowcaptionskip=\skip48
\bibindent=\dimen138
) (c:/texlive/2020/texmf-dist/tex/generic/babel/babel.sty
Package: babel 2020/12/16 3.52 The Babel package
 (c:/texlive/2020/texmf-dist/tex/generic/babel/babel.def
File: babel.def 2020/12/16 3.52 Babel common definitions
\babel@savecnt=\count188
\U@D=\dimen139
\l@babelnohyphens=\language86
 (c:/texlive/2020/texmf-dist/tex/generic/babel/txtbabel.def)
\bbl@readstream=\read2
)
\bbl@dirlevel=\count189
 (c:/texlive/2020/texmf-dist/tex/generic/babel-english/english.ldf
Language: english 2017/06/06 v3.3r English support from the babel system
Package babel Info: \l@canadian = using hyphenrules for english
(babel)             (\language0) on input line 102.
Package babel Info: \l@australian = using hyphenrules for ukenglish
(babel)             (\language21) on input line 105.
Package babel Info: \l@newzealand = using hyphenrules for ukenglish
(babel)             (\language21) on input line 108.
) (c:/texlive/2020/texmf-dist/tex/generic/babel-russian/russianb.ldf
File: russianb.ldf 2021/01/10 1.3m Russian support for the Babel system
Language: russian 2020/09/09 1.3k Russian support for the Babel system


Package babel Warning: No Cyrillic font encoding has been loaded so far.
(babel)                A font encoding should be declared before babel.
(babel)                Default `T2A' encoding will be loaded  on input line 78.

(c:/texlive/2020/texmf-dist/tex/latex/cyrillic/t2aenc.def
File: t2aenc.def 2005/09/27 v1.0i Cyrillic encoding definition file
Now handling font encoding T2A ...
... processing UTF-8 mapping file for font encoding T2A
 (c:/texlive/2020/texmf-dist/tex/latex/base/t2aenc.dfu
File: t2aenc.dfu 2019/11/14 v1.2k UTF-8 support for inputenc
   defining Unicode char U+00A4 (decimal 164)
   defining Unicode char U+00A7 (decimal 167)
   defining Unicode char U+00AB (decimal 171)
   defining Unicode char U+00BB (decimal 187)
   defining Unicode char U+0131 (decimal 305)
   defining Unicode char U+0237 (decimal 567)
   defining Unicode char U+0400 (decimal 1024)
   defining Unicode char U+0401 (decimal 1025)
   defining Unicode char U+0402 (decimal 1026)
   defining Unicode char U+0403 (decimal 1027)
   defining Unicode char U+0404 (decimal 1028)
   defining Unicode char U+0405 (decimal 1029)
   defining Unicode char U+0406 (decimal 1030)
   defining Unicode char U+0407 (decimal 1031)
   defining Unicode char U+0408 (decimal 1032)
   defining Unicode char U+0409 (decimal 1033)
   defining Unicode char U+040A (decimal 1034)
   defining Unicode char U+040B (decimal 1035)
   defining Unicode char U+040C (decimal 1036)
   defining Unicode char U+040D (decimal 1037)
   defining Unicode char U+040E (decimal 1038)
   defining Unicode char U+040F (decimal 1039)
   defining Unicode char U+0410 (decimal 1040)
   defining Unicode char U+0411 (decimal 1041)
   defining Unicode char U+0412 (decimal 1042)
   defining Unicode char U+0413 (decimal 1043)
   defining Unicode char U+0414 (decimal 1044)
   defining Unicode char U+0415 (decimal 1045)
   defining Unicode char U+0416 (decimal 1046)
   defining Unicode char U+0417 (decimal 1047)
   defining Unicode char U+0418 (decimal 1048)
   defining Unicode char U+0419 (decimal 1049)
   defining Unicode char U+041A (decimal 1050)
   defining Unicode char U+041B (decimal 1051)
   defining Unicode char U+041C (decimal 1052)
   defining Unicode char U+041D (decimal 1053)
   defining Unicode char U+041E (decimal 1054)
   defining Unicode char U+041F (decimal 1055)
   defining Unicode char U+0420 (decimal 1056)
   defining Unicode char U+0421 (decimal 1057)
   defining Unicode char U+0422 (decimal 1058)
   defining Unicode char U+0423 (decimal 1059)
   defining Unicode char U+0424 (decimal 1060)
   defining Unicode char U+0425 (decimal 1061)
   defining Unicode char U+0426 (decimal 1062)
   defining Unicode char U+0427 (decimal 1063)
   defining Unicode char U+0428 (decimal 1064)
   defining Unicode char U+0429 (decimal 1065)
   defining Unicode char U+042A (decimal 1066)
   defining Unicode char U+042B (decimal 1067)
   defining Unicode char U+042C (decimal 1068)
   defining Unicode char U+042D (decimal 1069)
   defining Unicode char U+042E (decimal 1070)
   defining Unicode char U+042F (decimal 1071)
   defining Unicode char U+0430 (decimal 1072)
   defining Unicode char U+0431 (decimal 1073)
   defining Unicode char U+0432 (decimal 1074)
   defining Unicode char U+0433 (decimal 1075)
   defining Unicode char U+0434 (decimal 1076)
   defining Unicode char U+0435 (decimal 1077)
   defining Unicode char U+0436 (decimal 1078)
   defining Unicode char U+0437 (decimal 1079)
   defining Unicode char U+0438 (decimal 1080)
   defining Unicode char U+0439 (decimal 1081)
   defining Unicode char U+043A (decimal 1082)
   defining Unicode char U+043B (decimal 1083)
   defining Unicode char U+043C (decimal 1084)
   defining Unicode char U+043D (decimal 1085)
   defining Unicode char U+043E (decimal 1086)
   defining Unicode char U+043F (decimal 1087)
   defining Unicode char U+0440 (decimal 1088)
   defining Unicode char U+0441 (decimal 1089)
   defining Unicode char U+0442 (decimal 1090)
   defining Unicode char U+0443 (decimal 1091)
   defining Unicode char U+0444 (decimal 1092)
   defining Unicode char U+0445 (decimal 1093)
   defining Unicode char U+0446 (decimal 1094)
   defining Unicode char U+0447 (decimal 1095)
   defining Unicode char U+0448 (decimal 1096)
   defining Unicode char U+0449 (decimal 1097)
   defining Unicode char U+044A (decimal 1098)
   defining Unicode char U+044B (decimal 1099)
   defining Unicode char U+044C (decimal 1100)
   defining Unicode char U+044D (decimal 1101)
   defining Unicode char U+044E (decimal 1102)
   defining Unicode char U+044F (decimal 1103)
   defining Unicode char U+0450 (decimal 1104)
   defining Unicode char U+0451 (decimal 1105)
   defining Unicode char U+0452 (decimal 1106)
   defining Unicode char U+0453 (decimal 1107)
   defining Unicode char U+0454 (decimal 1108)
   defining Unicode char U+0455 (decimal 1109)
   defining Unicode char U+0456 (decimal 1110)
   defining Unicode char U+0457 (decimal 1111)
   defining Unicode char U+0458 (decimal 1112)
   defining Unicode char U+0459 (decimal 1113)
   defining Unicode char U+045A (decimal 1114)
   defining Unicode char U+045B (decimal 1115)
   defining Unicode char U+045C (decimal 1116)
   defining Unicode char U+045D (decimal 1117)
   defining Unicode char U+045E (decimal 1118)
   defining Unicode char U+045F (decimal 1119)
   defining Unicode char U+0490 (decimal 1168)
   defining Unicode char U+0491 (decimal 1169)
   defining Unicode char U+0492 (decimal 1170)
   defining Unicode char U+0493 (decimal 1171)
   defining Unicode char U+0496 (decimal 1174)
   defining Unicode char U+0497 (decimal 1175)
   defining Unicode char U+0498 (decimal 1176)
   defining Unicode char U+0499 (decimal 1177)
   defining Unicode char U+049A (decimal 1178)
   defining Unicode char U+049B (decimal 1179)
   defining Unicode char U+049C (decimal 1180)
   defining Unicode char U+049D (decimal 1181)
   defining Unicode char U+04A0 (decimal 1184)
   defining Unicode char U+04A1 (decimal 1185)
   defining Unicode char U+04A2 (decimal 1186)
   defining Unicode char U+04A3 (decimal 1187)
   defining Unicode char U+04A4 (decimal 1188)
   defining Unicode char U+04A5 (decimal 1189)
   defining Unicode char U+04AA (decimal 1194)
   defining Unicode char U+04AB (decimal 1195)
   defining Unicode char U+04AE (decimal 1198)
   defining Unicode char U+04AF (decimal 1199)
   defining Unicode char U+04B0 (decimal 1200)
   defining Unicode char U+04B1 (decimal 1201)
   defining Unicode char U+04B2 (decimal 1202)
   defining Unicode char U+04B3 (decimal 1203)
   defining Unicode char U+04B6 (decimal 1206)
   defining Unicode char U+04B7 (decimal 1207)
   defining Unicode char U+04B8 (decimal 1208)
   defining Unicode char U+04B9 (decimal 1209)
   defining Unicode char U+04BA (decimal 1210)
   defining Unicode char U+04BB (decimal 1211)
   defining Unicode char U+04C0 (decimal 1216)
   defining Unicode char U+04C1 (decimal 1217)
   defining Unicode char U+04C2 (decimal 1218)
   defining Unicode char U+04D0 (decimal 1232)
   defining Unicode char U+04D1 (decimal 1233)
   defining Unicode char U+04D2 (decimal 1234)
   defining Unicode char U+04D3 (decimal 1235)
   defining Unicode char U+04D4 (decimal 1236)
   defining Unicode char U+04D5 (decimal 1237)
   defining Unicode char U+04D6 (decimal 1238)
   defining Unicode char U+04D7 (decimal 1239)
   defining Unicode char U+04D8 (decimal 1240)
   defining Unicode char U+04D9 (decimal 1241)
   defining Unicode char U+04DA (decimal 1242)
   defining Unicode char U+04DB (decimal 1243)
   defining Unicode char U+04DC (decimal 1244)
   defining Unicode char U+04DD (decimal 1245)
   defining Unicode char U+04DE (decimal 1246)
   defining Unicode char U+04DF (decimal 1247)
   defining Unicode char U+04E2 (decimal 1250)
   defining Unicode char U+04E3 (decimal 1251)
   defining Unicode char U+04E4 (decimal 1252)
   defining Unicode char U+04E5 (decimal 1253)
   defining Unicode char U+04E6 (decimal 1254)
   defining Unicode char U+04E7 (decimal 1255)
   defining Unicode char U+04E8 (decimal 1256)
   defining Unicode char U+04E9 (decimal 1257)
   defining Unicode char U+04EC (decimal 1260)
   defining Unicode char U+04ED (decimal 1261)
   defining Unicode char U+04EE (decimal 1262)
   defining Unicode char U+04EF (decimal 1263)
   defining Unicode char U+04F0 (decimal 1264)
   defining Unicode char U+04F1 (decimal 1265)
   defining Unicode char U+04F2 (decimal 1266)
   defining Unicode char U+04F3 (decimal 1267)
   defining Unicode char U+04F4 (decimal 1268)
   defining Unicode char U+04F5 (decimal 1269)
   defining Unicode char U+04F8 (decimal 1272)
   defining Unicode char U+04F9 (decimal 1273)
   defining Unicode char U+200C (decimal 8204)
   defining Unicode char U+2013 (decimal 8211)
   defining Unicode char U+2014 (decimal 8212)
   defining Unicode char U+2018 (decimal 8216)
   defining Unicode char U+2019 (decimal 8217)
   defining Unicode char U+201C (decimal 8220)
   defining Unicode char U+201D (decimal 8221)
   defining Unicode char U+201E (decimal 8222)
   defining Unicode char U+2030 (decimal 8240)
   defining Unicode char U+2031 (decimal 8241)
   defining Unicode char U+2116 (decimal 8470)
   defining Unicode char U+2329 (decimal 9001)
   defining Unicode char U+232A (decimal 9002)
   defining Unicode char U+2423 (decimal 9251)
   defining Unicode char U+27E8 (decimal 10216)
   defining Unicode char U+27E9 (decimal 10217)
   defining Unicode char U+FB00 (decimal 64256)
   defining Unicode char U+FB01 (decimal 64257)
   defining Unicode char U+FB02 (decimal 64258)
   defining Unicode char U+FB03 (decimal 64259)
   defining Unicode char U+FB04 (decimal 64260)
   defining Unicode char U+FB05 (decimal 64261)
   defining Unicode char U+FB06 (decimal 64262)
))
Package babel Info: Making " an active character on input line 124.
Package babel Info: Default for \cyrdash is provided on input line 163.
)

Package babel Warning: Last declared language option is `english',
(babel)                but the last processed one was `russian'.
(babel)                The main language cannot be set as both a global
(babel)                and a package option. Use `main=english' as
(babel)                option. Reported on input line 1135.

) (c:/texlive/2020/texmf-dist/tex/latex/koma-script/scrbase.sty
Package: scrbase 2020/09/21 v3.32 KOMA-Script package (KOMA-Script-independent basics and keyval usage)
 (c:/texlive/2020/texmf-dist/tex/latex/koma-script/scrlfile.sty
Package: scrlfile 2020/09/21 v3.32 KOMA-Script package (file load hooks)
 (c:/texlive/2020/texmf-dist/tex/latex/koma-script/scrlfile-hook.sty
Package: scrlfile-hook 2020/09/21 v3.32 KOMA-Script package (using LaTeX hooks)
 (c:/texlive/2020/texmf-dist/tex/latex/koma-script/scrlogo.sty
Package: scrlogo 2020/09/21 v3.32 KOMA-Script package (logo)
))) (c:/texlive/2020/texmf-dist/tex/latex/graphics/keyval.sty
Package: keyval 2014/10/28 v1.15 key=value parser (DPC)
\KV@toks@=\toks15
)) (c:/texlive/2020/texmf-dist/tex/latex/koma-script/scrhack.sty
Package: scrhack 2020/09/21 v3.32 KOMA-Script package (hacking other packages)
 (c:/texlive/2020/texmf-dist/tex/latex/koma-script/scrkbase.sty
Package: scrkbase 2020/09/21 v3.32 KOMA-Script package (KOMA-Script-dependent basics and keyval usage)
) (c:/texlive/2020/texmf-dist/tex/latex/xpatch/xpatch.sty
Package: xpatch 2020/03/25 v0.3a Extending etoolbox patching commands
)) (c:/texlive/2020/texmf-dist/tex/latex/setspace/setspace.sty
Package: setspace 2011/12/19 v6.7a set line spacing
)
Package scrhack Info: loading setspace hack on input line 193.
 (c:/texlive/2020/texmf-dist/tex/latex/koma-script/setspace.hak
File: setspace.hak 2020/09/21 v3.32 KOMA-Script scrhack part (hacking package setspace)
) (c:/texlive/2020/texmf-dist/tex/latex/tools/longtable.sty
Package: longtable 2020/01/07 v4.13 Multi-page Table package (DPC)
\LTleft=\skip49
\LTright=\skip50
\LTpre=\skip51
\LTpost=\skip52
\LTchunksize=\count190
\LTcapwidth=\dimen140
\LT@head=\box48
\LT@firsthead=\box49
\LT@foot=\box50
\LT@lastfoot=\box51
\LT@cols=\count191
\LT@rows=\count192
\c@LT@tables=\count193
\c@LT@chunks=\count194
\LT@p@ftn=\toks16
) (c:/texlive/2020/texmf-dist/tex/latex/siunitx/siunitx.sty
Package: siunitx 2020/02/25 v2.8b A comprehensive (SI) units package
 (c:/texlive/2020/texmf-dist/tex/latex/amsmath/amstext.sty
Package: amstext 2000/06/29 v2.01 AMS text
 (c:/texlive/2020/texmf-dist/tex/latex/amsmath/amsgen.sty
File: amsgen.sty 1999/11/30 v2.0 generic functions
\@emptytoks=\toks17
\ex@=\dimen141
)) (c:/texlive/2020/texmf-dist/tex/latex/tools/array.sty
Package: array 2020/10/01 v2.5c Tabular extension package (FMi)
\col@sep=\dimen142
\ar@mcellbox=\box52
\extrarowheight=\dimen143
\NC@list=\toks18
\extratabsurround=\skip53
\backup@length=\skip54
\ar@cellbox=\box53
) (c:/texlive/2020/texmf-dist/tex/latex/l3packages/l3keys2e/l3keys2e.sty
Package: l3keys2e 2020-10-27 LaTeX2e option processing using LaTeX3 keys
)
\l__siunitx_tmp_box=\box54
\l__siunitx_tmp_dim=\dimen144
\l__siunitx_tmp_int=\count195
\l__siunitx_number_mantissa_length_int=\count196
\l__siunitx_number_uncert_length_int=\count197
\l__siunitx_round_int=\count198
\l__siunitx_process_decimal_int=\count199
\l__siunitx_process_uncertainty_int=\count266
\l__siunitx_process_fixed_int=\count267
\l__siunitx_process_integer_min_int=\count268
\l__siunitx_process_precision_int=\count269
\l__siunitx_group_min_int=\count270
\l__siunitx_angle_marker_box=\box55
\l__siunitx_angle_unit_box=\box56
\l__siunitx_angle_marker_dim=\dimen145
\l__siunitx_angle_unit_dim=\dimen146
\l__siunitx_unit_int=\count271
\l__siunitx_unit_denominator_int=\count272
\l__siunitx_unit_numerator_int=\count273
\l__siunitx_unit_prefix_int=\count274
\l__siunitx_unit_prefix_base_int=\count275
\l__siunitx_unit_prefix_gram_int=\count276
\l__siunitx_number_product_int=\count277
\c__siunitx_one_fill_skip=\skip55
\l__siunitx_table_unit_align_skip=\skip56
\l__siunitx_table_exponent_dim=\dimen147
\l__siunitx_table_integer_dim=\dimen148
\l__siunitx_table_mantissa_dim=\dimen149
\l__siunitx_table_marker_dim=\dimen150
\l__siunitx_table_result_dim=\dimen151
\l__siunitx_table_uncert_dim=\dimen152
\l__siunitx_table_fill_pre_dim=\dimen153
\l__siunitx_table_fill_post_dim=\dimen154
\l__siunitx_table_fill_mid_dim=\dimen155
\l__siunitx_table_pre_box=\box57
\l__siunitx_table_post_box=\box58
\l__siunitx_table_mantissa_box=\box59
\l__siunitx_table_result_box=\box60
\l__siunitx_table_number_align_skip=\skip57
\l__siunitx_table_text_align_skip=\skip58
 (c:/texlive/2020/texmf-dist/tex/latex/translator/translator.sty
Package: translator 2020-08-03 v1.12c Easy translation of strings in LaTeX
)) (c:/texlive/2020/texmf-dist/tex/latex/graphics/graphicx.sty
Package: graphicx 2020/09/09 v1.2b Enhanced LaTeX Graphics (DPC,SPQR)
 (c:/texlive/2020/texmf-dist/tex/latex/graphics/graphics.sty
Package: graphics 2020/08/30 v1.4c Standard LaTeX Graphics (DPC,SPQR)
 (c:/texlive/2020/texmf-dist/tex/latex/graphics/trig.sty
Package: trig 2016/01/03 v1.10 sin cos tan (DPC)
) (c:/texlive/2020/texmf-dist/tex/latex/graphics-cfg/graphics.cfg
File: graphics.cfg 2016/06/04 v1.11 sample graphics configuration
)
Package graphics Info: Driver file: pdftex.def on input line 105.
 (c:/texlive/2020/texmf-dist/tex/latex/graphics-def/pdftex.def
File: pdftex.def 2020/10/05 v1.2a Graphics/color driver for pdftex
))
\Gin@req@height=\dimen156
\Gin@req@width=\dimen157
) (c:/texlive/2020/texmf-dist/tex/latex/booktabs/booktabs.sty
Package: booktabs 2020/01/12 v1.61803398 Publication quality tables
\heavyrulewidth=\dimen158
\lightrulewidth=\dimen159
\cmidrulewidth=\dimen160
\belowrulesep=\dimen161
\belowbottomsep=\dimen162
\aboverulesep=\dimen163
\abovetopsep=\dimen164
\cmidrulesep=\dimen165
\cmidrulekern=\dimen166
\defaultaddspace=\dimen167
\@cmidla=\count278
\@cmidlb=\count279
\@aboverulesep=\dimen168
\@belowrulesep=\dimen169
\@thisruleclass=\count280
\@lastruleclass=\count281
\@thisrulewidth=\dimen170
) (c:/texlive/2020/texmf-dist/tex/latex/caption/caption.sty
Package: caption 2020/10/26 v3.5g Customizing captions (AR)
 (c:/texlive/2020/texmf-dist/tex/latex/caption/caption3.sty
Package: caption3 2020/10/21 v2.2e caption3 kernel (AR)
\captionmargin=\dimen171
\captionmargin@=\dimen172
\captionwidth=\dimen173
\caption@tempdima=\dimen174
\caption@indent=\dimen175
\caption@parindent=\dimen176
\caption@hangindent=\dimen177
Package caption Info: Standard document class detected.
)
\c@caption@flags=\count282
\c@continuedfloat=\count283
Package caption Info: longtable package is loaded.
 (c:/texlive/2020/texmf-dist/tex/latex/caption/ltcaption.sty
Package: ltcaption 2020/05/30 v1.4b longtable captions (AR)
)) (c:/texlive/2020/texmf-dist/tex/latex/xcolor/xcolor.sty
Package: xcolor 2016/05/11 v2.12 LaTeX color extensions (UK)
 (c:/texlive/2020/texmf-dist/tex/latex/graphics-cfg/color.cfg
File: color.cfg 2016/01/02 v1.6 sample color configuration
)
Package xcolor Info: Driver file: pdftex.def on input line 225.
Package xcolor Info: Model `cmy' substituted by `cmy0' on input line 1348.
Package xcolor Info: Model `hsb' substituted by `rgb' on input line 1352.
Package xcolor Info: Model `RGB' extended on input line 1364.
Package xcolor Info: Model `HTML' substituted by `rgb' on input line 1366.
Package xcolor Info: Model `Hsb' substituted by `hsb' on input line 1367.
Package xcolor Info: Model `tHsb' substituted by `hsb' on input line 1368.
Package xcolor Info: Model `HSB' substituted by `hsb' on input line 1369.
Package xcolor Info: Model `Gray' substituted by `gray' on input line 1370.
Package xcolor Info: Model `wave' substituted by `hsb' on input line 1371.
) (c:/texlive/2020/texmf-dist/tex/latex/geometry/geometry.sty
Package: geometry 2020/01/02 v5.9 Page Geometry
 (c:/texlive/2020/texmf-dist/tex/generic/iftex/ifvtex.sty
Package: ifvtex 2019/10/25 v1.7 ifvtex legacy package. Use iftex instead.
 (c:/texlive/2020/texmf-dist/tex/generic/iftex/iftex.sty
Package: iftex 2020/03/06 v1.0d TeX engine tests
))
\Gm@cnth=\count284
\Gm@cntv=\count285
\c@Gm@tempcnt=\count286
\Gm@bindingoffset=\dimen178
\Gm@wd@mp=\dimen179
\Gm@odd@mp=\dimen180
\Gm@even@mp=\dimen181
\Gm@layoutwidth=\dimen182
\Gm@layoutheight=\dimen183
\Gm@layouthoffset=\dimen184
\Gm@layoutvoffset=\dimen185
\Gm@dimlist=\toks19
) (c:/texlive/2020/texmf-dist/tex/latex/koma-script/scrlayer-scrpage.sty
Package: scrlayer-scrpage 2020/09/21 v3.32 KOMA-Script package (end user interface for scrlayer)
 (c:/texlive/2020/texmf-dist/tex/latex/koma-script/scrlayer.sty
Package: scrlayer 2020/09/21 v3.32 KOMA-Script package (defining layers and page styles)
\footheight=\skip59
Package scrlayer Info: patching LaTeX kernel macro \pagestyle on input line 2116.
)
Package scrbase Info: Unknown processing state.
(scrbase)             Processing option `markcase=used'
(scrbase)             of member `.scrlayer-scrpage.sty' of family
(scrbase)             `KOMA' doesn't set
(scrbase)             a valid state. This will be interpreted
(scrbase)             as \FamilyKeyStateProcessed on input line 636.
)
Package scrlayer-scrpage Info: auto-selection of `pagestyleset=standard'.

1: chapter
1: chapter
1: section
) (c:/texlive/2020/texmf-dist/tex/latex/psnfss/times.sty
Package: times 2020/03/25 PSNFSS-v9.3 (SPQR) 
) (c:/texlive/2020/texmf-dist/tex/latex/base/fontenc.sty
Package: fontenc 2020/08/10 v2.0s Standard LaTeX package
LaTeX Font Info:    Trying to load font information for T2A+ptm on input line 112.
LaTeX Font Info:    No file T2Aptm.fd. on input line 112.
LaTeX Font Info:    Trying to load font information for T2A+cmr on input line 112.
 (c:/texlive/2020/texmf-dist/tex/latex/cyrillic/t2acmr.fd
File: t2acmr.fd 2001/08/11 v1.0a Computer Modern Cyrillic font definitions
)

LaTeX Font Warning: Font shape `T2A/ptm/m/n' undefined
(Font)              using `T2A/cmr/m/n' instead on input line 112.

) (c:/texlive/2020/texmf-dist/tex/latex/base/inputenc.sty
Package: inputenc 2020/08/01 v1.3d Input encoding file
\inpenc@prehook=\toks20
\inpenc@posthook=\toks21
) (c:/texlive/2020/texmf-dist/tex/latex/biblatex/biblatex.sty
Package: biblatex 2020/12/31 v3.16 programmable bibliographies (PK/MW)
 (c:/texlive/2020/texmf-dist/tex/generic/pdftexcmds/pdftexcmds.sty
Package: pdftexcmds 2020-06-27 v0.33 Utility functions of pdfTeX for LuaTeX (HO)
 (c:/texlive/2020/texmf-dist/tex/generic/infwarerr/infwarerr.sty
Package: infwarerr 2019/12/03 v1.5 Providing info/warning/error messages (HO)
) (c:/texlive/2020/texmf-dist/tex/generic/ltxcmds/ltxcmds.sty
Package: ltxcmds 2020-05-10 v1.25 LaTeX kernel commands for general use (HO)
)
Package pdftexcmds Info: \pdf@primitive is available.
Package pdftexcmds Info: \pdf@ifprimitive is available.
Package pdftexcmds Info: \pdfdraftmode found.
) (c:/texlive/2020/texmf-dist/tex/latex/kvoptions/kvoptions.sty
Package: kvoptions 2020-10-07 v3.14 Key value format for package options (HO)
 (c:/texlive/2020/texmf-dist/tex/generic/kvsetkeys/kvsetkeys.sty
Package: kvsetkeys 2019/12/15 v1.18 Key value parser (HO)
)) (c:/texlive/2020/texmf-dist/tex/latex/logreq/logreq.sty
Package: logreq 2010/08/04 v1.0 xml request logger
\lrq@indent=\count287
 (c:/texlive/2020/texmf-dist/tex/latex/logreq/logreq.def
File: logreq.def 2010/08/04 v1.0 logreq spec v1.0
)) (c:/texlive/2020/texmf-dist/tex/latex/base/ifthen.sty
Package: ifthen 2014/09/29 v1.1c Standard LaTeX ifthen package (DPC)
) (c:/texlive/2020/texmf-dist/tex/latex/url/url.sty
\Urlmuskip=\muskip16
Package: url 2013/09/16  ver 3.4  Verb mode for urls, etc.
)
\c@tabx@nest=\count288
\c@listtotal=\count289
\c@listcount=\count290
\c@liststart=\count291
\c@liststop=\count292
\c@citecount=\count293
\c@citetotal=\count294
\c@multicitecount=\count295
\c@multicitetotal=\count296
\c@instcount=\count297
\c@maxnames=\count298
\c@minnames=\count299
\c@maxitems=\count300
\c@minitems=\count301
\c@citecounter=\count302
\c@maxcitecounter=\count303
\c@savedcitecounter=\count304
\c@uniquelist=\count305
\c@uniquename=\count306
\c@refsection=\count307
\c@refsegment=\count308
\c@maxextratitle=\count309
\c@maxextratitleyear=\count310
\c@maxextraname=\count311
\c@maxextradate=\count312
\c@maxextraalpha=\count313
\c@abbrvpenalty=\count314
\c@highnamepenalty=\count315
\c@lownamepenalty=\count316
\c@maxparens=\count317
\c@parenlevel=\count318
\blx@tempcnta=\count319
\blx@tempcntb=\count320
\blx@tempcntc=\count321
\blx@maxsection=\count322
\blx@maxsegment@0=\count323
\blx@notetype=\count324
\blx@parenlevel@text=\count325
\blx@parenlevel@foot=\count326
\blx@sectionciteorder@0=\count327
\blx@entrysetcounter=\count328
\blx@biblioinstance=\count329
\labelnumberwidth=\skip60
\labelalphawidth=\skip61
\biblabelsep=\skip62
\bibitemsep=\skip63
\bibnamesep=\skip64
\bibinitsep=\skip65
\bibparsep=\skip66
\bibhang=\skip67
\blx@bcfin=\read3
\blx@bcfout=\write3
\blx@langwohyphens=\language87
\c@mincomprange=\count330
\c@maxcomprange=\count331
\c@mincompwidth=\count332
Package biblatex Info: Trying to load biblatex default data model...
Package biblatex Info: ... file 'blx-dm.def' found.
 (c:/texlive/2020/texmf-dist/tex/latex/biblatex/blx-dm.def
File: blx-dm.def 2020/12/31 v3.16 biblatex localization (PK/MW)
)
Package biblatex Info: Trying to load biblatex style data model...
Package biblatex Info: ... file 'authoryear.dbx' not found.
Package biblatex Info: Trying to load biblatex custom data model...
Package biblatex Info: ... file 'biblatex-dm.cfg' not found.
\c@afterword=\count333
\c@savedafterword=\count334
\c@annotator=\count335
\c@savedannotator=\count336
\c@author=\count337
\c@savedauthor=\count338
\c@bookauthor=\count339
\c@savedbookauthor=\count340
\c@commentator=\count341
\c@savedcommentator=\count342
\c@editor=\count343
\c@savededitor=\count344
\c@editora=\count345
\c@savededitora=\count346
\c@editorb=\count347
\c@savededitorb=\count348
\c@editorc=\count349
\c@savededitorc=\count350
\c@foreword=\count351
\c@savedforeword=\count352
\c@holder=\count353
\c@savedholder=\count354
\c@introduction=\count355
\c@savedintroduction=\count356
\c@namea=\count357
\c@savednamea=\count358
\c@nameb=\count359
\c@savednameb=\count360
\c@namec=\count361
\c@savednamec=\count362
\c@translator=\count363
\c@savedtranslator=\count364
\c@shortauthor=\count365
\c@savedshortauthor=\count366
\c@shorteditor=\count367
\c@savedshorteditor=\count368
\c@labelname=\count369
\c@savedlabelname=\count370
\c@institution=\count371
\c@savedinstitution=\count372
\c@lista=\count373
\c@savedlista=\count374
\c@listb=\count375
\c@savedlistb=\count376
\c@listc=\count377
\c@savedlistc=\count378
\c@listd=\count379
\c@savedlistd=\count380
\c@liste=\count381
\c@savedliste=\count382
\c@listf=\count383
\c@savedlistf=\count384
\c@location=\count385
\c@savedlocation=\count386
\c@organization=\count387
\c@savedorganization=\count388
\c@origlocation=\count389
\c@savedoriglocation=\count390
\c@origpublisher=\count391
\c@savedorigpublisher=\count392
\c@publisher=\count393
\c@savedpublisher=\count394
\c@language=\count395
\c@savedlanguage=\count396
\c@origlanguage=\count397
\c@savedoriglanguage=\count398
\c@pageref=\count399
\c@savedpageref=\count400
\shorthandwidth=\skip68
\shortjournalwidth=\skip69
\shortserieswidth=\skip70
\shorttitlewidth=\skip71
\shortauthorwidth=\skip72
\shorteditorwidth=\skip73
\locallabelnumberwidth=\skip74
\locallabelalphawidth=\skip75
\localshorthandwidth=\skip76
\localshortjournalwidth=\skip77
\localshortserieswidth=\skip78
\localshorttitlewidth=\skip79
\localshortauthorwidth=\skip80
\localshorteditorwidth=\skip81
Package biblatex Info: Trying to load compatibility code...
Package biblatex Info: ... file 'blx-compat.def' found.
 (c:/texlive/2020/texmf-dist/tex/latex/biblatex/blx-compat.def
File: blx-compat.def 2020/12/31 v3.16 biblatex compatibility (PK/MW)
)
Package biblatex Info: Trying to load BibTeX backend compatibility...
Package biblatex Info: ... file 'blx-bibtex.def' found.
 (c:/texlive/2020/texmf-dist/tex/latex/biblatex/blx-bibtex.def
File: blx-bibtex.def 2020/12/31 v3.16 biblatex compatibility (PK/MW)


Package biblatex Warning: Using fall-back BibTeX(8) backend:
(biblatex)                functionality may be reduced/unavailable.

)
Package biblatex Info: Trying to load generic definitions...
Package biblatex Info: ... file 'biblatex.def' found.
 (c:/texlive/2020/texmf-dist/tex/latex/biblatex/biblatex.def
File: biblatex.def 2020/12/31 v3.16 biblatex compatibility (PK/MW)
\c@textcitecount=\count401
\c@textcitetotal=\count402
\c@textcitemaxnames=\count403
\c@biburlbigbreakpenalty=\count404
\c@biburlbreakpenalty=\count405
\c@biburlnumpenalty=\count406
\c@biburlucpenalty=\count407
\c@biburllcpenalty=\count408
\biburlbigskip=\muskip17
\biburlnumskip=\muskip18
\biburlucskip=\muskip19
\biburllcskip=\muskip20
\c@smartand=\count409
)
Package biblatex Info: Trying to load natbib compatibility...
Package biblatex Info: ... file 'blx-natbib.def' found.
 (c:/texlive/2020/texmf-dist/tex/latex/biblatex/blx-natbib.def
File: blx-natbib.def 2020/12/31 v3.16 biblatex compatibility (PK/MW)
Package biblatex Info: Delimiter 'nameyeardelim' in context '' already defined, overwriting.
)
Package biblatex Info: Trying to load bibliography style 'authoryear'...
Package biblatex Info: ... file 'authoryear.bbx' found.
 (c:/texlive/2020/texmf-dist/tex/latex/biblatex/bbx/authoryear.bbx
File: authoryear.bbx 2020/12/31 v3.16 biblatex bibliography style (PK/MW)
Package biblatex Info: Trying to load bibliography style 'standard'...
Package biblatex Info: ... file 'standard.bbx' found.
 (c:/texlive/2020/texmf-dist/tex/latex/biblatex/bbx/standard.bbx
File: standard.bbx 2020/12/31 v3.16 biblatex bibliography style (PK/MW)
\c@bbx:relatedcount=\count410
\c@bbx:relatedtotal=\count411
))
Package biblatex Info: Trying to load citation style 'authoryear'...
Package biblatex Info: ... file 'authoryear.cbx' found.
 (c:/texlive/2020/texmf-dist/tex/latex/biblatex/cbx/authoryear.cbx
File: authoryear.cbx 2020/12/31 v3.16 biblatex citation style (PK/MW)
Package biblatex Info: Redefining '\cite'.
Package biblatex Info: Redefining '\parencite'.
Package biblatex Info: Redefining '\footcite'.
Package biblatex Info: Redefining '\footcitetext'.
Package biblatex Info: Redefining '\smartcite'.
Package biblatex Info: Redefining '\textcite'.
Package biblatex Info: Redefining '\textcites'.
)
Package biblatex Info: Trying to load configuration file...
Package biblatex Info: ... file 'biblatex.cfg' found.
 (c:/texlive/2020/texmf-dist/tex/latex/biblatex/biblatex.cfg
File: biblatex.cfg 
)) (c:/texlive/2020/texmf-dist/tex/latex/amsmath/amsmath.sty
Package: amsmath 2020/09/23 v2.17i AMS math features
\@mathmargin=\skip82

For additional information on amsmath, use the `?' option.
(c:/texlive/2020/texmf-dist/tex/latex/amsmath/amsbsy.sty
Package: amsbsy 1999/11/29 v1.2d Bold Symbols
\pmbraise@=\dimen186
) (c:/texlive/2020/texmf-dist/tex/latex/amsmath/amsopn.sty
Package: amsopn 2016/03/08 v2.02 operator names
)
\inf@bad=\count412
LaTeX Info: Redefining \frac on input line 234.
\uproot@=\count413
\leftroot@=\count414
LaTeX Info: Redefining \overline on input line 399.
\classnum@=\count415
\DOTSCASE@=\count416
LaTeX Info: Redefining \ldots on input line 496.
LaTeX Info: Redefining \dots on input line 499.
LaTeX Info: Redefining \cdots on input line 620.
\Mathstrutbox@=\box61
\strutbox@=\box62
\big@size=\dimen187
LaTeX Font Info:    Redeclaring font encoding OML on input line 743.
LaTeX Font Info:    Redeclaring font encoding OMS on input line 744.
\macc@depth=\count417
\c@MaxMatrixCols=\count418
\dotsspace@=\muskip21
\c@parentequation=\count419
\dspbrk@lvl=\count420
\tag@help=\toks22
\row@=\count421
\column@=\count422
\maxfields@=\count423
\andhelp@=\toks23
\eqnshift@=\dimen188
\alignsep@=\dimen189
\tagshift@=\dimen190
\tagwidth@=\dimen191
\totwidth@=\dimen192
\lineht@=\dimen193
\@envbody=\toks24
\multlinegap=\skip83
\multlinetaggap=\skip84
\mathdisplay@stack=\toks25
LaTeX Info: Redefining \[ on input line 2923.
LaTeX Info: Redefining \] on input line 2924.
) (c:/texlive/2020/texmf-dist/tex/latex/float/float.sty
Package: float 2001/11/08 v1.3d Float enhancements (AL)
\c@float@type=\count424
\float@exts=\toks26
\float@box=\box63
\@float@everytoks=\toks27
\@floatcapt=\box64
)
Package scrhack Info: loading float hack on input line 53.
 (c:/texlive/2020/texmf-dist/tex/latex/koma-script/float.hak
File: float.hak 2020/09/21 v3.32 KOMA-Script scrhack part (hacking package float)
 (c:/texlive/2020/texmf-dist/tex/latex/koma-script/tocbasic.sty
Package: tocbasic 2020/09/21 v3.32 KOMA-Script package (handling toc-files)
\scr@dte@tocline@numberwidth=\skip85
\scr@dte@tocline@numbox=\box65
)
Package scrhack Info: redefining \newfloat on input line 163.
Package scrhack Info: redefining \listof on input line 163.
Package scrhack Info: undefining \float@addtolists on input line 163.
) (c:/texlive/2020/texmf-dist/tex/latex/csquotes/csquotes.sty
Package: csquotes 2021-01-04 v5.2k context-sensitive quotations (JAW)
\csq@reset=\count425
\csq@gtype=\count426
\csq@glevel=\count427
\csq@qlevel=\count428
\csq@maxlvl=\count429
\csq@tshold=\count430
\csq@ltx@everypar=\toks28
 (c:/texlive/2020/texmf-dist/tex/latex/csquotes/csquotes.def
File: csquotes.def 2021-01-04 v5.2k csquotes generic definitions (JAW)
)
Package csquotes Info: Trying to load configuration file 'csquotes.cfg'...
Package csquotes Info: ... configuration file loaded successfully.
 (c:/texlive/2020/texmf-dist/tex/latex/csquotes/csquotes.cfg
File: csquotes.cfg 
)
Package csquotes Info: Enabling multilingual quotes.
) (c:/texlive/2020/texmf-dist/tex/latex/hyperref/hyperref.sty
Package: hyperref 2020-05-15 v7.00e Hypertext links for LaTeX
 (c:/texlive/2020/texmf-dist/tex/generic/kvdefinekeys/kvdefinekeys.sty
Package: kvdefinekeys 2019-12-19 v1.6 Define keys (HO)
) (c:/texlive/2020/texmf-dist/tex/generic/pdfescape/pdfescape.sty
Package: pdfescape 2019/12/09 v1.15 Implements pdfTeX's escape features (HO)
) (c:/texlive/2020/texmf-dist/tex/latex/hycolor/hycolor.sty
Package: hycolor 2020-01-27 v1.10 Color options for hyperref/bookmark (HO)
) (c:/texlive/2020/texmf-dist/tex/latex/letltxmacro/letltxmacro.sty
Package: letltxmacro 2019/12/03 v1.6 Let assignment for LaTeX macros (HO)
) (c:/texlive/2020/texmf-dist/tex/latex/auxhook/auxhook.sty
Package: auxhook 2019-12-17 v1.6 Hooks for auxiliary files (HO)
)
\@linkdim=\dimen194
\Hy@linkcounter=\count431
\Hy@pagecounter=\count432
 (c:/texlive/2020/texmf-dist/tex/latex/hyperref/pd1enc.def
File: pd1enc.def 2020-05-15 v7.00e Hyperref: PDFDocEncoding definition (HO)
Now handling font encoding PD1 ...
... no UTF-8 mapping file for font encoding PD1
) (c:/texlive/2020/texmf-dist/tex/generic/intcalc/intcalc.sty
Package: intcalc 2019/12/15 v1.3 Expandable calculations with integers (HO)
) (c:/texlive/2020/texmf-dist/tex/generic/etexcmds/etexcmds.sty
Package: etexcmds 2019/12/15 v1.7 Avoid name clashes with e-TeX commands (HO)
)
\Hy@SavedSpaceFactor=\count433
Package hyperref Info: Option `unicode' set `true' on input line 3427.
 (c:/texlive/2020/texmf-dist/tex/latex/hyperref/puenc.def
File: puenc.def 2020-05-15 v7.00e Hyperref: PDF Unicode definition (HO)
Now handling font encoding PU ...
... no UTF-8 mapping file for font encoding PU
)
Package hyperref Info: Hyper figures OFF on input line 4464.
Package hyperref Info: Link nesting OFF on input line 4469.
Package hyperref Info: Hyper index ON on input line 4472.
Package hyperref Info: Plain pages OFF on input line 4479.
Package hyperref Info: Backreferencing OFF on input line 4484.
Package hyperref Info: Implicit mode ON; LaTeX internals redefined.
Package hyperref Info: Bookmarks ON on input line 4717.
\c@Hy@tempcnt=\count434
LaTeX Info: Redefining \url on input line 5076.
\XeTeXLinkMargin=\dimen195
 (c:/texlive/2020/texmf-dist/tex/generic/bitset/bitset.sty
Package: bitset 2019/12/09 v1.3 Handle bit-vector datatype (HO)
 (c:/texlive/2020/texmf-dist/tex/generic/bigintcalc/bigintcalc.sty
Package: bigintcalc 2019/12/15 v1.5 Expandable calculations on big integers (HO)
))
\Fld@menulength=\count435
\Field@Width=\dimen196
\Fld@charsize=\dimen197
Package hyperref Info: Hyper figures OFF on input line 6347.
Package hyperref Info: Link nesting OFF on input line 6352.
Package hyperref Info: Hyper index ON on input line 6355.
Package hyperref Info: backreferencing OFF on input line 6362.
Package hyperref Info: Link coloring OFF on input line 6367.
Package hyperref Info: Link coloring with OCG OFF on input line 6372.
Package hyperref Info: PDF/A mode OFF on input line 6377.
LaTeX Info: Redefining \ref on input line 6417.
LaTeX Info: Redefining \pageref on input line 6421.
 (c:/texlive/2020/texmf-dist/tex/latex/base/atbegshi-ltx.sty
Package: atbegshi-ltx 2020/08/17 v1.0a Emulation of the original atbegshi package
with kernel methods
)
\Hy@abspage=\count436
\c@Item=\count437
\c@Hfootnote=\count438
)
Package scrhack Info: hyperref hack deactivated because of
(scrhack)             detection of hyperref version, that doesn't
(scrhack)             need that hack, on input line 105.
Package hyperref Info: Driver (autodetected): hpdftex.
 (c:/texlive/2020/texmf-dist/tex/latex/hyperref/hpdftex.def
File: hpdftex.def 2020-05-15 v7.00e Hyperref driver for pdfTeX
 (c:/texlive/2020/texmf-dist/tex/latex/base/atveryend-ltx.sty
Package: atveryend-ltx 2020/08/19 v1.0a Emulation of the original atvery package
with kernel methods
)
\Fld@listcount=\count439
\c@bookmark@seq@number=\count440
 (c:/texlive/2020/texmf-dist/tex/latex/rerunfilecheck/rerunfilecheck.sty
Package: rerunfilecheck 2019/12/05 v1.9 Rerun checks for auxiliary files (HO)
 (c:/texlive/2020/texmf-dist/tex/generic/uniquecounter/uniquecounter.sty
Package: uniquecounter 2019/12/15 v1.4 Provide unlimited unique counter (HO)
)
Package uniquecounter Info: New unique counter `rerunfilecheck' on input line 286.
)
\Hy@SectionHShift=\skip86
)
Package hyperref Info: Option `bookmarksopen' set `true' on input line 105.
Package hyperref Info: Option `hypertexnames' set `false' on input line 105.
Package hyperref Info: Option `colorlinks' set `true' on input line 105.
Package hyperref Info: Option `unicode' set `true' on input line 105.
Package hyperref Info: Option `breaklinks' set `true' on input line 105.
Package csquotes Info: Checking for multilingual support...
Package csquotes Info: ... found 'babel' package.
 (c:/Users/GotovtsevAG/source/work/self/physical-basics-of-launch/EjectionLab/PhBL.EjectionLab.Tex/main.aux (c:/Users/GotovtsevAG/source/work/self/physical-basics-of-launch/EjectionLab/PhBL.EjectionLab.Tex/Chapters/Chapter1.aux) (c:/Users/GotovtsevAG/source/work/self/physical-basics-of-launch/EjectionLab/PhBL.EjectionLab.Tex/Chapters/Chapter2.aux) (c:/Users/GotovtsevAG/source/work/self/physical-basics-of-launch/EjectionLab/PhBL.EjectionLab.Tex/Chapters/Chapter3.aux) (c:/Users/GotovtsevAG/source/work/self/physical-basics-of-launch/EjectionLab/PhBL.EjectionLab.Tex/Chapters/Chapter4.aux))
\openout1 = `main.aux'.

LaTeX Font Info:    Checking defaults for OML/cmm/m/it on input line 105.
LaTeX Font Info:    ... okay on input line 105.
LaTeX Font Info:    Checking defaults for OMS/cmsy/m/n on input line 105.
LaTeX Font Info:    ... okay on input line 105.
LaTeX Font Info:    Checking defaults for OT1/cmr/m/n on input line 105.
LaTeX Font Info:    ... okay on input line 105.
LaTeX Font Info:    Checking defaults for T1/cmr/m/n on input line 105.
LaTeX Font Info:    ... okay on input line 105.
LaTeX Font Info:    Checking defaults for TS1/cmr/m/n on input line 105.
LaTeX Font Info:    ... okay on input line 105.
LaTeX Font Info:    Checking defaults for OMX/cmex/m/n on input line 105.
LaTeX Font Info:    ... okay on input line 105.
LaTeX Font Info:    Checking defaults for U/cmr/m/n on input line 105.
LaTeX Font Info:    ... okay on input line 105.
LaTeX Font Info:    Checking defaults for T2A/cmr/m/n on input line 105.
LaTeX Font Info:    ... okay on input line 105.
LaTeX Font Info:    Checking defaults for PD1/pdf/m/n on input line 105.
LaTeX Font Info:    ... okay on input line 105.
LaTeX Font Info:    Checking defaults for PU/pdf/m/n on input line 105.
LaTeX Font Info:    ... okay on input line 105.
LaTeX Info: Redefining \th on input line 105.
 (c:/texlive/2020/texmf-dist/tex/latex/siunitx/siunitx-abbreviations.cfg
File: siunitx-abbreviations.cfg 2017/11/26 v2.7k siunitx: Abbreviated units
) (c:/texlive/2020/texmf-dist/tex/latex/translator/translator-basic-dictionary-English.dict
Dictionary: translator-basic-dictionary, Language: English 
) (c:/texlive/2020/texmf-dist/tex/context/base/mkii/supp-pdf.mkii
[Loading MPS to PDF converter (version 2006.09.02).]
\scratchcounter=\count441
\scratchdimen=\dimen198
\scratchbox=\box66
\nofMPsegments=\count442
\nofMParguments=\count443
\everyMPshowfont=\toks29
\MPscratchCnt=\count444
\MPscratchDim=\dimen199
\MPnumerator=\count445
\makeMPintoPDFobject=\count446
\everyMPtoPDFconversion=\toks30
) (c:/texlive/2020/texmf-dist/tex/latex/epstopdf-pkg/epstopdf-base.sty
Package: epstopdf-base 2020-01-24 v2.11 Base part for package epstopdf
Package epstopdf-base Info: Redefining graphics rule for `.eps' on input line 485.
 (c:/texlive/2020/texmf-dist/tex/latex/latexconfig/epstopdf-sys.cfg
File: epstopdf-sys.cfg 2010/07/13 v1.3 Configuration of (r)epstopdf for TeX Live
))
Package caption Info: Begin \AtBeginDocument code.
Package caption Info: float package is loaded.
Package caption Info: hyperref package is loaded.
Package caption Info: End \AtBeginDocument code.

*geometry* driver: auto-detecting
*geometry* detected driver: pdftex
*geometry* verbose mode - [ preamble ] result:
* driver: pdftex
* paper: a4paper
* layout: <same size as paper>
* layoutoffset:(h,v)=(0.0pt,0.0pt)
* bindingoffset: 14.22636pt
* modes: includehead includefoot 
* h-part:(L,W,R)=(71.13188pt, 404.02908pt, 108.12054pt)
* v-part:(T,H,B)=(42.67912pt, 759.6886pt, 42.67912pt)
* \paperwidth=597.50787pt
* \paperheight=845.04684pt
* \textwidth=404.02908pt
* \textheight=689.15318pt
* \oddsidemargin=13.08826pt
* \evensidemargin=-1.1381pt
* \topmargin=-29.59087pt
* \headheight=20.66162pt
* \headsep=19.8738pt
* \topskip=12.0pt
* \footskip=30.0pt
* \marginparwidth=47.0pt
* \marginparsep=7.0pt
* \columnsep=10.0pt
* \skip\footins=10.8pt plus 4.0pt minus 2.0pt
* \hoffset=0.0pt
* \voffset=0.0pt
* \mag=1000
* \@twocolumnfalse
* \@twosidefalse
* \@mparswitchfalse
* \@reversemarginfalse
* (1in=72.27pt=25.4mm, 1cm=28.453pt)

Package scrlayer Info: Setting magic \footheight to \baselineskip while
(scrlayer)             \begin{document} on input line 105.
Package scrbase Info: activating russian \symbolsname on input line 105.
Package biblatex Info: Trying to load language 'russian'...
Package biblatex Info: ... file 'russian.lbx' found.
(c:/texlive/2020/texmf-dist/tex/latex/biblatex/lbx/russian.lbx
File: russian.lbx 2020/12/31 v3.16 biblatex localization (PK/MW)
)
Package biblatex Info: Trying to load language 'english'...
Package biblatex Info: ... file 'english.lbx' found.
 (c:/texlive/2020/texmf-dist/tex/latex/biblatex/lbx/english.lbx
File: english.lbx 2020/12/31 v3.16 biblatex localization (PK/MW)
)
Package biblatex Info: Input encoding 'utf8' detected.
Package biblatex Info: Automatic encoding selection.
(biblatex)             Assuming data encoding 'utf8'.
Package biblatex Info: Input encoding 'utf8' specified.
Package biblatex Info: Data encoding 'utf8' specified.
(biblatex)             No need to reencode data.
Package biblatex Info: Document encoding is UTF8 ....
Package biblatex Info: ... and expl3
(biblatex)             2021-01-09 L3 programming layer (loader) 
(biblatex)             is new enough (at least 2020/04/06),
(biblatex)             setting 'casechanger=expl3'.
 (c:/texlive/2020/texmf-dist/tex/latex/biblatex/blx-case-expl3.sty
Package: blx-case-expl3 2020/12/31 v3.16 expl3 case changing code for biblatex
)
\openout3 = `main-blx.bib'.

Package biblatex Info: Trying to load bibliographic data...
Package biblatex Info: ... file 'main.bbl' found.
 (c:/Users/GotovtsevAG/source/work/self/physical-basics-of-launch/EjectionLab/PhBL.EjectionLab.Tex/main.bbl)
Package biblatex Info: Reference section=0 on input line 105.
Package biblatex Info: Reference segment=0 on input line 105.
Package hyperref Info: Link coloring ON on input line 105.
 (c:/texlive/2020/texmf-dist/tex/latex/hyperref/nameref.sty
Package: nameref 2019/09/16 v2.46 Cross-referencing by name of section
 (c:/texlive/2020/texmf-dist/tex/latex/refcount/refcount.sty
Package: refcount 2019/12/15 v3.6 Data extraction from label references (HO)
) (c:/texlive/2020/texmf-dist/tex/generic/gettitlestring/gettitlestring.sty
Package: gettitlestring 2019/12/15 v1.6 Cleanup title references (HO)
)
\c@section@level=\count447
)
LaTeX Info: Redefining \ref on input line 105.
LaTeX Info: Redefining \pageref on input line 105.
LaTeX Info: Redefining \nameref on input line 105.
 (c:/Users/GotovtsevAG/source/work/self/physical-basics-of-launch/EjectionLab/PhBL.EjectionLab.Tex/main.out) (c:/Users/GotovtsevAG/source/work/self/physical-basics-of-launch/EjectionLab/PhBL.EjectionLab.Tex/main.out)
\@outlinefile=\write4
\openout4 = `main.out'.


1: section
<Figures/UniversityLogoLarge.png, id=40, 650.43pt x 879.285pt>
File: Figures/UniversityLogoLarge.png Graphic file (type png)
<use Figures/UniversityLogoLarge.png>
Package pdftex.def Info: Figures/UniversityLogoLarge.png  used on input line 127.
(pdftex.def)             Requested size: 97.56029pt x 131.88705pt.

LaTeX Font Warning: Font shape `T2A/ptm/b/n' undefined
(Font)              using `T2A/ptm/m/n' instead on input line 132.


LaTeX Font Warning: Font shape `T2A/ptm/m/it' undefined
(Font)              using `T2A/ptm/m/n' instead on input line 136.

[1



{c:/texlive/2020/texmf-var/fonts/map/pdftex/updmap/pdftex.map} <c:/Users/GotovtsevAG/source/work/self/physical-basics-of-launch/EjectionLab/PhBL.EjectionLab.Tex/Figures/UniversityLogoLarge.png>] (c:/Users/GotovtsevAG/source/work/self/physical-basics-of-launch/EjectionLab/PhBL.EjectionLab.Tex/main.toc
LaTeX Font Info:    Trying to load font information for OT1+ptm on input line 2.
 (c:/texlive/2020/texmf-dist/tex/latex/psnfss/ot1ptm.fd
File: ot1ptm.fd 2001/06/04 font definitions for OT1/ptm.
))
\tf@toc=\write5
\openout5 = `main.toc'.


1: section

LaTeX Font Warning: Font shape `T2A/ptm/m/sl' undefined
(Font)              using `T2A/ptm/m/it' instead on input line 239.


LaTeX Font Warning: Font shape `T2A/ptm/m/sl' undefined
(Font)              using `T2A/ptm/m/it' instead on input line 239.


LaTeX Font Warning: Font shape `T2A/ptm/m/sl' undefined
(Font)              using `T2A/ptm/m/it' instead on input line 239.


LaTeX Font Warning: Font shape `T2A/ptm/m/sl' undefined
(Font)              using `T2A/ptm/m/it' instead on input line 239.


LaTeX Font Warning: Font shape `T2A/ptm/m/sl' undefined
(Font)              using `T2A/ptm/m/it' instead on input line 239.


LaTeX Font Warning: Font shape `T2A/ptm/m/sl' undefined
(Font)              using `T2A/ptm/m/it' instead on input line 239.

[1

]
1: section

LaTeX Font Warning: Font shape `T2A/ptm/m/sl' undefined
(Font)              using `T2A/ptm/m/it' instead on input line 286.


LaTeX Font Warning: Font shape `T2A/ptm/m/sl' undefined
(Font)              using `T2A/ptm/m/it' instead on input line 286.


LaTeX Font Warning: Font shape `T2A/ptm/m/sl' undefined
(Font)              using `T2A/ptm/m/it' instead on input line 286.


LaTeX Font Warning: Font shape `T2A/ptm/m/sl' undefined
(Font)              using `T2A/ptm/m/it' instead on input line 286.


LaTeX Font Warning: Font shape `T2A/ptm/m/sl' undefined
(Font)              using `T2A/ptm/m/it' instead on input line 286.


LaTeX Font Warning: Font shape `T2A/ptm/m/sl' undefined
(Font)              using `T2A/ptm/m/it' instead on input line 286.

[2

]
1: section
\openout2 = `Chapters/Chapter1.aux'.

(c:/Users/GotovtsevAG/source/work/self/physical-basics-of-launch/EjectionLab/PhBL.EjectionLab.Tex/Chapters/Chapter1.tex
{\cyrillictext \CYRG \cyrl \cyra \cyrv \cyra } 1.
)
Overfull \hbox (3.8541pt too wide) in paragraph at lines 3--293
\T2A/ptm/m/it/12 В ра-бо-те рас-смат-ри-ва-ет-ся про-цесс эжек-ции воз-ду-ха из при-ле-га-ю-щей к сверх-
 []

1: section

LaTeX Font Warning: Font shape `T2A/ptm/m/sl' undefined
(Font)              using `T2A/ptm/m/it' instead on input line 293.


LaTeX Font Warning: Font shape `T2A/ptm/m/sl' undefined
(Font)              using `T2A/ptm/m/it' instead on input line 293.


LaTeX Font Warning: Font shape `T2A/ptm/m/sl' undefined
(Font)              using `T2A/ptm/m/it' instead on input line 293.


LaTeX Font Warning: Font shape `T2A/ptm/m/sl' undefined
(Font)              using `T2A/ptm/m/it' instead on input line 293.


LaTeX Font Warning: Font shape `T2A/ptm/m/sl' undefined
(Font)              using `T2A/ptm/m/it' instead on input line 293.


LaTeX Font Warning: Font shape `T2A/ptm/m/sl' undefined
(Font)              using `T2A/ptm/m/it' instead on input line 293.

[1



]
\openout2 = `Chapters/Chapter2.aux'.

 (c:/Users/GotovtsevAG/source/work/self/physical-basics-of-launch/EjectionLab/PhBL.EjectionLab.Tex/Chapters/Chapter2.tex
{\cyrillictext \CYRG \cyrl \cyra \cyrv \cyra } 2.
<Figures/Scheme.png, id=82, 508.14844pt x 274.02374pt>
File: Figures/Scheme.png Graphic file (type png)
<use Figures/Scheme.png>
Package pdftex.def Info: Figures/Scheme.png  used on input line 28.
(pdftex.def)             Requested size: 316.584pt x 170.71652pt.

LaTeX Font Warning: Font shape `T2A/ptm/m/sc' undefined
(Font)              using `T2A/ptm/m/n' instead on input line 29.

1: section

LaTeX Font Warning: Font shape `T2A/ptm/m/sl' undefined
(Font)              using `T2A/ptm/m/it' instead on input line 31.


LaTeX Font Warning: Font shape `T2A/ptm/m/sl' undefined
(Font)              using `T2A/ptm/m/it' instead on input line 31.


LaTeX Font Warning: Font shape `T2A/ptm/m/sl' undefined
(Font)              using `T2A/ptm/m/it' instead on input line 31.


LaTeX Font Warning: Font shape `T2A/ptm/m/sl' undefined
(Font)              using `T2A/ptm/m/it' instead on input line 31.


LaTeX Font Warning: Font shape `T2A/ptm/m/sl' undefined
(Font)              using `T2A/ptm/m/it' instead on input line 31.


LaTeX Font Warning: Font shape `T2A/ptm/m/sl' undefined
(Font)              using `T2A/ptm/m/it' instead on input line 31.

[2




]

LaTeX Font Warning: Font shape `T2A/ptm/m/sl' undefined
(Font)              using `T2A/ptm/m/it' instead on input line 72.


LaTeX Font Warning: Font shape `T2A/ptm/m/sl' undefined
(Font)              using `T2A/ptm/m/it' instead on input line 72.


LaTeX Font Warning: Font shape `T2A/ptm/m/sl' undefined
(Font)              using `T2A/ptm/m/it' instead on input line 72.


LaTeX Font Warning: Font shape `T2A/ptm/m/sl' undefined
(Font)              using `T2A/ptm/m/it' instead on input line 72.


LaTeX Font Warning: Font shape `T2A/ptm/m/sl' undefined
(Font)              using `T2A/ptm/m/it' instead on input line 72.


LaTeX Font Warning: Font shape `T2A/ptm/m/sl' undefined
(Font)              using `T2A/ptm/m/it' instead on input line 72.

[3 <c:/Users/GotovtsevAG/source/work/self/physical-basics-of-launch/EjectionLab/PhBL.EjectionLab.Tex/Figures/Scheme.png>]

LaTeX Font Warning: Font shape `T2A/ptm/m/sl' undefined
(Font)              using `T2A/ptm/m/it' instead on input line 143.


LaTeX Font Warning: Font shape `T2A/ptm/m/sl' undefined
(Font)              using `T2A/ptm/m/it' instead on input line 143.


LaTeX Font Warning: Font shape `T2A/ptm/m/sl' undefined
(Font)              using `T2A/ptm/m/it' instead on input line 143.


LaTeX Font Warning: Font shape `T2A/ptm/m/sl' undefined
(Font)              using `T2A/ptm/m/it' instead on input line 143.


LaTeX Font Warning: Font shape `T2A/ptm/m/sl' undefined
(Font)              using `T2A/ptm/m/it' instead on input line 143.


LaTeX Font Warning: Font shape `T2A/ptm/m/sl' undefined
(Font)              using `T2A/ptm/m/it' instead on input line 143.

[4])

LaTeX Font Warning: Font shape `T2A/ptm/m/sl' undefined
(Font)              using `T2A/ptm/m/it' instead on input line 294.


LaTeX Font Warning: Font shape `T2A/ptm/m/sl' undefined
(Font)              using `T2A/ptm/m/it' instead on input line 294.


LaTeX Font Warning: Font shape `T2A/ptm/m/sl' undefined
(Font)              using `T2A/ptm/m/it' instead on input line 294.


LaTeX Font Warning: Font shape `T2A/ptm/m/sl' undefined
(Font)              using `T2A/ptm/m/it' instead on input line 294.


LaTeX Font Warning: Font shape `T2A/ptm/m/sl' undefined
(Font)              using `T2A/ptm/m/it' instead on input line 294.


LaTeX Font Warning: Font shape `T2A/ptm/m/sl' undefined
(Font)              using `T2A/ptm/m/it' instead on input line 294.

[5]
\openout2 = `Chapters/Chapter3.aux'.

 (c:/Users/GotovtsevAG/source/work/self/physical-basics-of-launch/EjectionLab/PhBL.EjectionLab.Tex/Chapters/Chapter3.tex
{\cyrillictext \CYRG \cyrl \cyra \cyrv \cyra } 3.
LaTeX Font Info:    Trying to load font information for TS1+ptm on input line 17.
(c:/texlive/2020/texmf-dist/tex/latex/psnfss/ts1ptm.fd
File: ts1ptm.fd 2001/06/04 font definitions for TS1/ptm.
))
Underfull \hbox (badness 10000) in paragraph at lines 6--295

 []

1: section

LaTeX Font Warning: Font shape `T2A/ptm/m/sl' undefined
(Font)              using `T2A/ptm/m/it' instead on input line 295.


LaTeX Font Warning: Font shape `T2A/ptm/m/sl' undefined
(Font)              using `T2A/ptm/m/it' instead on input line 295.


LaTeX Font Warning: Font shape `T2A/ptm/m/sl' undefined
(Font)              using `T2A/ptm/m/it' instead on input line 295.


LaTeX Font Warning: Font shape `T2A/ptm/m/sl' undefined
(Font)              using `T2A/ptm/m/it' instead on input line 295.


LaTeX Font Warning: Font shape `T2A/ptm/m/sl' undefined
(Font)              using `T2A/ptm/m/it' instead on input line 295.


LaTeX Font Warning: Font shape `T2A/ptm/m/sl' undefined
(Font)              using `T2A/ptm/m/it' instead on input line 295.

[6




]
\openout2 = `Chapters/Chapter4.aux'.

 (c:/Users/GotovtsevAG/source/work/self/physical-basics-of-launch/EjectionLab/PhBL.EjectionLab.Tex/Chapters/Chapter4.tex
{\cyrillictext \CYRG \cyrl \cyra \cyrv \cyra } 4.
)
1: section

LaTeX Font Warning: Font shape `T2A/ptm/m/sl' undefined
(Font)              using `T2A/ptm/m/it' instead on input line 296.


LaTeX Font Warning: Font shape `T2A/ptm/m/sl' undefined
(Font)              using `T2A/ptm/m/it' instead on input line 296.


LaTeX Font Warning: Font shape `T2A/ptm/m/sl' undefined
(Font)              using `T2A/ptm/m/it' instead on input line 296.


LaTeX Font Warning: Font shape `T2A/ptm/m/sl' undefined
(Font)              using `T2A/ptm/m/it' instead on input line 296.


LaTeX Font Warning: Font shape `T2A/ptm/m/sl' undefined
(Font)              using `T2A/ptm/m/it' instead on input line 296.


LaTeX Font Warning: Font shape `T2A/ptm/m/sl' undefined
(Font)              using `T2A/ptm/m/it' instead on input line 296.

[7




] (c:/Users/GotovtsevAG/source/work/self/physical-basics-of-launch/EjectionLab/PhBL.EjectionLab.Tex/main.aux (c:/Users/GotovtsevAG/source/work/self/physical-basics-of-launch/EjectionLab/PhBL.EjectionLab.Tex/Chapters/Chapter1.aux) (c:/Users/GotovtsevAG/source/work/self/physical-basics-of-launch/EjectionLab/PhBL.EjectionLab.Tex/Chapters/Chapter2.aux) (c:/Users/GotovtsevAG/source/work/self/physical-basics-of-launch/EjectionLab/PhBL.EjectionLab.Tex/Chapters/Chapter3.aux) (c:/Users/GotovtsevAG/source/work/self/physical-basics-of-launch/EjectionLab/PhBL.EjectionLab.Tex/Chapters/Chapter4.aux))

LaTeX Font Warning: Some font shapes were not available, defaults substituted.

Package rerunfilecheck Info: File `main.out' has not changed.
(rerunfilecheck)             Checksum: 0CBEA2DCAD83444BA73ACA09E250D49D;1590.
Package logreq Info: Writing requests to 'main.run.xml'.
\openout1 = `main.run.xml'.

 ) 
Here is how much of TeX's memory you used:
 27628 strings out of 479304
 562840 string characters out of 5871219
 1161511 words of memory out of 5000000
 44410 multiletter control sequences out of 15000+600000
 417770 words of font info for 59 fonts, out of 8000000 for 9000
 1141 hyphenation exceptions out of 8191
 98i,20n,102p,1935b,1746s stack positions out of 5000i,500n,10000p,200000b,80000s
{c:/texlive/2020/texmf-dist/fonts/enc/dvips/base/8r.enc}{c:/texlive/2020/texmf-dist/fonts/enc/dvips/cm-super/cm-super-t2a.enc}<c:/texlive/2020/texmf-dist/fonts/type1/public/amsfonts/cm/cmex10.pfb><c:/texlive/2020/texmf-dist/fonts/type1/public/amsfonts/cm/cmmi12.pfb><c:/texlive/2020/texmf-dist/fonts/type1/public/amsfonts/cm/cmr12.pfb><c:/texlive/2020/texmf-dist/fonts/type1/public/amsfonts/cm/cmr6.pfb><c:/texlive/2020/texmf-dist/fonts/type1/public/amsfonts/cm/cmr8.pfb><c:/texlive/2020/texmf-dist/fonts/type1/public/amsfonts/cm/cmsy10.pfb><c:/texlive/2020/texmf-dist/fonts/type1/public/cm-super/sfrm0800.pfb><c:/texlive/2020/texmf-dist/fonts/type1/public/cm-super/sfrm1095.pfb><c:/texlive/2020/texmf-dist/fonts/type1/public/cm-super/sfrm1200.pfb><c:/texlive/2020/texmf-dist/fonts/type1/public/cm-super/sfrm1440.pfb><c:/texlive/2020/texmf-dist/fonts/type1/public/cm-super/sfrm1728.pfb><c:/texlive/2020/texmf-dist/fonts/type1/public/cm-super/sfrm2074.pfb><c:/texlive/2020/texmf-dist/fonts/type1/public/cm-super/sfrm2488.pfb><c:/texlive/2020/texmf-dist/fonts/type1/urw/times/utmr8a.pfb>
Output written on c:/Users/GotovtsevAG/source/work/self/physical-basics-of-launch/EjectionLab/PhBL.EjectionLab.Tex/main.pdf (10 pages, 276000 bytes).
PDF statistics:
 199 PDF objects out of 1000 (max. 8388607)
 168 compressed objects within 2 object streams
 44 named destinations out of 1000 (max. 500000)
 83 words of extra memory for PDF output out of 10000 (max. 10000000)

